============================= test session starts =============================
platform win32 -- Python 3.14.2, pytest-9.0.2, pluggy-1.6.0 -- C:\Users\ralva\AppData\Local\Python\pythoncore-3.14-64\python.exe
cachedir: .pytest_cache
rootdir: C:\Users\ralva\OneDrive\Documents\private\projects\archived\teamvoldemor\voldemorbot-platform\platform\simulation
configfile: pyproject.toml
plugins: anyio-4.13.0, Faker-40.13.0, timeout-2.4.0, requests-mock-1.12.1, typeguard-4.5.1
collecting ... collected 0 items / 2 errors

=================================== ERRORS ====================================
__________________ ERROR collecting tests/test_randomizer.py __________________
ImportError while importing test module 'C:\Users\ralva\OneDrive\Documents\private\projects\archived\teamvoldemor\voldemorbot-platform\platform\simulation\tests\test_randomizer.py'.
Hint: make sure your test modules/packages have valid Python names.
Traceback:
C:\Users\ralva\AppData\Local\Python\pythoncore-3.14-64\Lib\importlib\__init__.py:88: in import_module
    return _bootstrap._gcd_import(name[level:], package, level)
           ^^^^^^^^^^^^^^^^^^^^^^^^^^^^^^^^^^^^^^^^^^^^^^^^^^^^
tests\test_randomizer.py:5: in <module>
    from shared.config.constants import DictKeys, TrackDimensions
E   ModuleNotFoundError: No module named 'shared'
__________________ ERROR collecting tests/test_scenarios.py ___________________
ImportError while importing test module 'C:\Users\ralva\OneDrive\Documents\private\projects\archived\teamvoldemor\voldemorbot-platform\platform\simulation\tests\test_scenarios.py'.
Hint: make sure your test modules/packages have valid Python names.
Traceback:
C:\Users\ralva\AppData\Local\Python\pythoncore-3.14-64\Lib\importlib\__init__.py:88: in import_module
    return _bootstrap._gcd_import(name[level:], package, level)
           ^^^^^^^^^^^^^^^^^^^^^^^^^^^^^^^^^^^^^^^^^^^^^^^^^^^^
tests\test_scenarios.py:4: in <module>
    from shared.config.enums import Section
E   ModuleNotFoundError: No module named 'shared'
============================== warnings summary ===============================
tests\test_framework.py:602
  C:\Users\ralva\OneDrive\Documents\private\projects\archived\teamvoldemor\voldemorbot-platform\platform\simulation\tests\test_framework.py:602: PytestCollectionWarning: cannot collect test class 'TestFramework' because it has a __init__ constructor (from: tests/test_framework.py)
    class TestFramework:

-- Docs: https://docs.pytest.org/en/stable/how-to/capture-warnings.html
=========================== short test summary info ===========================
ERROR tests/test_randomizer.py
ERROR tests/test_scenarios.py
!!!!!!!!!!!!!!!!!!! Interrupted: 2 errors during collection !!!!!!!!!!!!!!!!!!!
======================== 1 warning, 2 errors in 0.59s =========================
